# JRE version: Java(TM) SE Runtime Environment (8.0_151-b12) (build 1.8.0_151-b12)
# Java VM: Java HotSpot(TM) Client VM (25.151-b12 mixed mode windows-x86 )
Heap:
 def new generation   total 16128K, used 1727K [0x03c00000, 0x04d70000, 0x19150000)
  eden space 14400K,   0% used [0x03c00000, 0x03c00000, 0x04a10000)
  from space 1728K,  99% used [0x04bc0000, 0x04d6fff8, 0x04d70000)
  to   space 1728K,   0% used [0x04a10000, 0x04a10000, 0x04bc0000)
 tenured generation   total 38680K, used 38568K [0x19150000, 0x1b716000, 0x43c00000)
   the space 38680K,  99% used [0x19150000, 0x1b6fa3c8, 0x1a655c00, 0x1b716000)
 Metaspace       used 30637K, capacity 31017K, committed 31104K, reserved 31104K
GC Heap History (10 events):
Event: 21.387 GC heap after
Heap after GC invocations=88 (full 4):
 def new generation   total 16128K, used 779K [0x03c00000, 0x04d70000, 0x19150000)
  eden space 14400K,   0% used [0x03c00000, 0x03c00000, 0x04a10000)
  from space 1728K,  45% used [0x04a10000, 0x04ad2fe8, 0x04bc0000)
  to   space 1728K,   0% used [0x04bc0000, 0x04bc0000, 0x04d70000)
 tenured generation   total 35480K, used 30986K [0x19150000, 0x1b3f6000, 0x43c00000)
   the space 35480K,  87% used [0x19150000, 0x1af92ad0, 0x1af92c00, 0x1b3f6000)
 Metaspace       used 27812K, capacity 28230K, committed 28416K, reserved 29056K
}
Event: 22.381 GC heap before
{Heap before GC invocations=88 (full 4):
 def new generation   total 16128K, used 15179K [0x03c00000, 0x04d70000, 0x19150000)
  eden space 14400K, 100% used [0x03c00000, 0x04a10000, 0x04a10000)
  from space 1728K,  45% used [0x04a10000, 0x04ad2fe8, 0x04bc0000)
  to   space 1728K,   0% used [0x04bc0000, 0x04bc0000, 0x04d70000)
 tenured generation   total 35480K, used 30986K [0x19150000, 0x1b3f6000, 0x43c00000)
   the space 35480K,  87% used [0x19150000, 0x1af92ad0, 0x1af92c00, 0x1b3f6000)
 Metaspace       used 28058K, capacity 28479K, committed 28672K, reserved 29056K
Event: 22.387 GC heap after
Heap after GC invocations=89 (full 4):
 def new generation   total 16128K, used 1066K [0x03c00000, 0x04d70000, 0x19150000)
  eden space 14400K,   0% used [0x03c00000, 0x03c00000, 0x04a10000)
  from space 1728K,  61% used [0x04bc0000, 0x04cca8c0, 0x04d70000)
  to   space 1728K,   0% used [0x04a10000, 0x04a10000, 0x04bc0000)
 tenured generation   total 35480K, used 30986K [0x19150000, 0x1b3f6000, 0x43c00000)
   the space 35480K,  87% used [0x19150000, 0x1af92ad0, 0x1af92c00, 0x1b3f6000)
 Metaspace       used 28058K, capacity 28479K, committed 28672K, reserved 29056K
}
Event: 22.514 GC heap before
{Heap before GC invocations=89 (full 4):
 def new generation   total 16128K, used 15466K [0x03c00000, 0x04d70000, 0x19150000)
  eden space 14400K, 100% used [0x03c00000, 0x04a10000, 0x04a10000)
  from space 1728K,  61% used [0x04bc0000, 0x04cca8c0, 0x04d70000)
  to   space 1728K,   0% used [0x04a10000, 0x04a10000, 0x04bc0000)
 tenured generation   total 35480K, used 30986K [0x19150000, 0x1b3f6000, 0x43c00000)
   the space 35480K,  87% used [0x19150000, 0x1af92ad0, 0x1af92c00, 0x1b3f6000)
 Metaspace       used 28058K, capacity 28479K, committed 28672K, reserved 29056K
Event: 22.519 GC heap after
Heap after GC invocations=90 (full 4):
 def new generation   total 16128K, used 182K [0x03c00000, 0x04d70000, 0x19150000)
  eden space 14400K,   0% used [0x03c00000, 0x03c00000, 0x04a10000)
  from space 1728K,  10% used [0x04a10000, 0x04a3db28, 0x04bc0000)
  to   space 1728K,   0% used [0x04bc0000, 0x04bc0000, 0x04d70000)
 tenured generation   total 35480K, used 31673K [0x19150000, 0x1b3f6000, 0x43c00000)
   the space 35480K,  89% used [0x19150000, 0x1b03e470, 0x1b03e600, 0x1b3f6000)
 Metaspace       used 28058K, capacity 28479K, committed 28672K, reserved 29056K
}
Event: 23.055 GC heap before
{Heap before GC invocations=90 (full 4):
 def new generation   total 16128K, used 14531K [0x03c00000, 0x04d70000, 0x19150000)
  eden space 14400K,  99% used [0x03c00000, 0x04a03248, 0x04a10000)
  from space 1728K,  10% used [0x04a10000, 0x04a3db28, 0x04bc0000)
  to   space 1728K,   0% used [0x04bc0000, 0x04bc0000, 0x04d70000)
 tenured generation   total 35480K, used 31673K [0x19150000, 0x1b3f6000, 0x43c00000)
   the space 35480K,  89% used [0x19150000, 0x1b03e470, 0x1b03e600, 0x1b3f6000)
 Metaspace       used 28511K, capacity 28905K, committed 29056K, reserved 29056K
Event: 23.063 GC heap after
Heap after GC invocations=91 (full 4):
 def new generation   total 16128K, used 1414K [0x03c00000, 0x04d70000, 0x19150000)
  eden space 14400K,   0% used [0x03c00000, 0x03c00000, 0x04a10000)
  from space 1728K,  81% used [0x04bc0000, 0x04d21878, 0x04d70000)
  to   space 1728K,   0% used [0x04a10000, 0x04a10000, 0x04bc0000)
 tenured generation   total 35480K, used 31673K [0x19150000, 0x1b3f6000, 0x43c00000)
   the space 35480K,  89% used [0x19150000, 0x1b03e470, 0x1b03e600, 0x1b3f6000)
 Metaspace       used 28511K, capacity 28905K, committed 29056K, reserved 29056K
}
Event: 23.538 GC heap before
{Heap before GC invocations=91 (full 4):
 def new generation   total 16128K, used 15814K [0x03c00000, 0x04d70000, 0x19150000)
  eden space 14400K, 100% used [0x03c00000, 0x04a10000, 0x04a10000)
  from space 1728K,  81% used [0x04bc0000, 0x04d21878, 0x04d70000)
  to   space 1728K,   0% used [0x04a10000, 0x04a10000, 0x04bc0000)
 tenured generation   total 35480K, used 31673K [0x19150000, 0x1b3f6000, 0x43c00000)
   the space 35480K,  89% used [0x19150000, 0x1b03e470, 0x1b03e600, 0x1b3f6000)
 Metaspace       used 30560K, capacity 30953K, committed 31104K, reserved 31104K
Event: 23.557 GC heap after
Heap after GC invocations=92 (full 4):
 def new generation   total 16128K, used 1728K [0x03c00000, 0x04d70000, 0x19150000)
  eden space 14400K,   0% used [0x03c00000, 0x03c00000, 0x04a10000)
  from space 1728K, 100% used [0x04a10000, 0x04bc0000, 0x04bc0000)
  to   space 1728K,   0% used [0x04bc0000, 0x04bc0000, 0x04d70000)
 tenured generation   total 35480K, used 34937K [0x19150000, 0x1b3f6000, 0x43c00000)
   the space 35480K,  98% used [0x19150000, 0x1b36e640, 0x1b36e800, 0x1b3f6000)
 Metaspace       used 30560K, capacity 30953K, committed 31104K, reserved 31104K
}
Event: 23.712 GC heap before
{Heap before GC invocations=92 (full 4):
 def new generation   total 16128K, used 16128K [0x03c00000, 0x04d70000, 0x19150000)
  eden space 14400K, 100% used [0x03c00000, 0x04a10000, 0x04a10000)
  from space 1728K, 100% used [0x04a10000, 0x04bc0000, 0x04bc0000)
  to   space 1728K,   0% used [0x04bc0000, 0x04bc0000, 0x04d70000)
 tenured generation   total 35480K, used 34937K [0x19150000, 0x1b3f6000, 0x43c00000)
   the space 35480K,  98% used [0x19150000, 0x1b36e640, 0x1b36e800, 0x1b3f6000)
 Metaspace       used 30637K, capacity 31017K, committed 31104K, reserved 31104K

